33	2019-04-28 03:31:58,223	warning message
34	2019-04-28 03:31:58,223	error message
35	2019-04-28 03:31:58,223	critical message
32	2019-04-28 03:33:23,878	debug message
33	2019-04-28 03:33:23,878	info message
34	2019-04-28 03:33:23,878	warning message
35	2019-04-28 03:33:23,878	error message
36	2019-04-28 03:33:23,878	critical message
34	2019-04-28 03:35:08,352	debug message
35	2019-04-28 03:35:08,352	info message
36	2019-04-28 03:35:08,353	warning message
37	2019-04-28 03:35:08,353	error message
38	2019-04-28 03:35:08,353	critical message
34	2019-04-28 03:35:48,251	debug message
35	2019-04-28 03:35:48,251	info message
36	2019-04-28 03:35:48,251	warning message
37	2019-04-28 03:35:48,251	error message
38	2019-04-28 03:35:48,251	critical message
38	2019-04-28 03:37:32,381	debug message
39	2019-04-28 03:37:32,381	info message
40	2019-04-28 03:37:32,381	warning message
41	2019-04-28 03:37:32,381	error message
42	2019-04-28 03:37:32,381	critical message
38	2019-04-28 03:41:35,205	debug message
39	2019-04-28 03:41:35,205	info message
40	2019-04-28 03:41:35,205	warning message
41	2019-04-28 03:41:35,205	error message
42	2019-04-28 03:41:35,205	critical message
